2024-11-05 16:13:47 - Starting Graduation_projectApplication using Java 11.0.18 on Yoon with PID 22392 (C:\Users\윤혜진\Desktop\Graduation_project\build\classes\java\main started by 윤혜진 in C:\Users\윤혜진\Desktop\Graduation_project)
2024-11-05 16:13:47 - No active profile set, falling back to 1 default profile: "default"
2024-11-05 16:13:48 - Bootstrapping Spring Data JPA repositories in DEFAULT mode.
2024-11-05 16:13:48 - Finished Spring Data repository scanning in 73 ms. Found 3 JPA repository interfaces.
2024-11-05 16:13:49 - Tomcat initialized with port(s): 8080 (http)
2024-11-05 16:13:49 - Starting service [Tomcat]
2024-11-05 16:13:49 - Starting Servlet engine: [Apache Tomcat/9.0.68]
2024-11-05 16:13:49 - Initializing Spring embedded WebApplicationContext
2024-11-05 16:13:49 - Root WebApplicationContext: initialization completed in 1815 ms
2024-11-05 16:13:49 - HHH000204: Processing PersistenceUnitInfo [name: default]
2024-11-05 16:13:49 - HHH000412: Hibernate ORM core version 5.6.12.Final
2024-11-05 16:13:49 - HCANN000001: Hibernate Commons Annotations {5.1.2.Final}
2024-11-05 16:13:49 - HikariPool-1 - Starting...
2024-11-05 16:13:50 - HikariPool-1 - Start completed.
2024-11-05 16:13:50 - HHH000400: Using dialect: org.hibernate.dialect.MySQL8Dialect
2024-11-05 16:13:51 - HHH000490: Using JtaPlatform implementation: [org.hibernate.engine.transaction.jta.platform.internal.NoJtaPlatform]
2024-11-05 16:13:51 - Initialized JPA EntityManagerFactory for persistence unit 'default'
2024-11-05 16:13:52 - spring.jpa.open-in-view is enabled by default. Therefore, database queries may be performed during view rendering. Explicitly configure spring.jpa.open-in-view to disable this warning
2024-11-05 16:13:52 - Tomcat started on port(s): 8080 (http) with context path ''
2024-11-05 16:13:52 - Started Graduation_projectApplication in 6.123 seconds (JVM running for 7.664)
2024-11-05 16:14:13 - Starting Graduation_projectApplication using Java 11.0.18 on Yoon with PID 9164 (C:\Users\윤혜진\Desktop\Graduation_project\build\classes\java\main started by 윤혜진 in C:\Users\윤혜진\Desktop\Graduation_project)
2024-11-05 16:14:14 - No active profile set, falling back to 1 default profile: "default"
2024-11-05 16:14:15 - Bootstrapping Spring Data JPA repositories in DEFAULT mode.
2024-11-05 16:14:16 - Finished Spring Data repository scanning in 125 ms. Found 3 JPA repository interfaces.
2024-11-05 16:14:16 - Tomcat initialized with port(s): 8080 (http)
2024-11-05 16:14:16 - Root WebApplicationContext: initialization completed in 2722 ms
2024-11-05 16:14:17 - HHH000204: Processing PersistenceUnitInfo [name: default]
2024-11-05 16:14:17 - HHH000412: Hibernate ORM core version 5.6.12.Final
2024-11-05 16:14:17 - HCANN000001: Hibernate Commons Annotations {5.1.2.Final}
2024-11-05 16:14:17 - HikariPool-1 - Starting...
2024-11-05 16:14:18 - HikariPool-1 - Start completed.
2024-11-05 16:14:18 - HHH000400: Using dialect: org.hibernate.dialect.MySQL8Dialect
2024-11-05 16:14:18 - HHH000490: Using JtaPlatform implementation: [org.hibernate.engine.transaction.jta.platform.internal.NoJtaPlatform]
2024-11-05 16:14:18 - Initialized JPA EntityManagerFactory for persistence unit 'default'
2024-11-05 16:14:19 - spring.jpa.open-in-view is enabled by default. Therefore, database queries may be performed during view rendering. Explicitly configure spring.jpa.open-in-view to disable this warning
2024-11-05 16:14:19 - Tomcat started on port(s): 8080 (http) with context path ''
2024-11-05 16:14:19 - Started Graduation_projectApplication in 7.06 seconds (JVM running for 9.655)
2024-11-05 16:14:20 - Closing JPA EntityManagerFactory for persistence unit 'default'
2024-11-05 16:14:20 - HikariPool-1 - Shutdown initiated...
2024-11-05 16:14:20 - HikariPool-1 - Shutdown completed.
